1 symtablehash.c:125 0x2f4156b9 32
2 symtablehash.c:130 0x2f4178e9 4072
1 symtablehash.c:206 0x2f4188e9 24
1 symtablehash.c:211 0x2f418919 6
1 symtablehash.c:206 0x2f418939 24
1 symtablehash.c:211 0x2f418969 7
1 symtablehash.c:206 0x2f418989 24
1 symtablehash.c:211 0x2f4189b9 7
1 symtablehash.c:206 0x2f4189d9 24
1 symtablehash.c:211 0x2f418a09 5
1 symtablehash.c:206 0x2f418a29 24
1 symtablehash.c:211 0x2f418a59 6
4 symtablehash.c:163 0x2f418a59 6
4 symtablehash.c:164 0x2f418a29 24
4 symtablehash.c:163 0x2f4189b9 7
4 symtablehash.c:164 0x2f418989 24
4 symtablehash.c:163 0x2f418919 6
4 symtablehash.c:164 0x2f4188e9 24
4 symtablehash.c:163 0x2f418969 7
4 symtablehash.c:164 0x2f418939 24
4 symtablehash.c:163 0x2f418a09 5
4 symtablehash.c:164 0x2f4189d9 24
4 symtablehash.c:167 0x2f4178e9 4072
4 symtablehash.c:168 0x2f4156b9 32
1 symtablehash.c:125 0x2f4156b9 32
2 symtablehash.c:130 0x2f4178e9 4072
1 symtablehash.c:206 0x2f4189d9 24
1 symtablehash.c:211 0x2f418a09 6
4 symtablehash.c:163 0x2f418a09 6
4 symtablehash.c:164 0x2f4189d9 24
4 symtablehash.c:167 0x2f4178e9 4072
4 symtablehash.c:168 0x2f4156b9 32
1 symtablehash.c:125 0x2f4156b9 32
2 symtablehash.c:130 0x2f4178e9 4072
1 symtablehash.c:206 0x2f4189d9 24
1 symtablehash.c:211 0x2f418a09 7
4 symtablehash.c:163 0x2f418a09 7
4 symtablehash.c:164 0x2f4189d9 24
4 symtablehash.c:167 0x2f4178e9 4072
4 symtablehash.c:168 0x2f4156b9 32
1 symtablehash.c:125 0x2f4156b9 32
2 symtablehash.c:130 0x2f4178e9 4072
1 symtablehash.c:206 0x2f4189d9 24
1 symtablehash.c:211 0x2f418a09 6
1 symtablehash.c:206 0x2f418939 24
1 symtablehash.c:211 0x2f418969 7
1 symtablehash.c:206 0x2f4188e9 24
1 symtablehash.c:211 0x2f418919 7
1 symtablehash.c:206 0x2f418989 24
1 symtablehash.c:211 0x2f4189b9 5
4 symtablehash.c:328 0x2f418a09 6
4 symtablehash.c:329 0x2f4189d9 24
4 symtablehash.c:328 0x2f4189b9 5
4 symtablehash.c:329 0x2f418989 24
4 symtablehash.c:163 0x2f418919 7
4 symtablehash.c:164 0x2f4188e9 24
4 symtablehash.c:163 0x2f418969 7
4 symtablehash.c:164 0x2f418939 24
4 symtablehash.c:167 0x2f4178e9 4072
4 symtablehash.c:168 0x2f4156b9 32
1 symtablehash.c:125 0x2f4156b9 32
2 symtablehash.c:130 0x2f4178e9 4072
1 symtablehash.c:206 0x2f418939 24
1 symtablehash.c:211 0x2f418969 6
1 symtablehash.c:206 0x2f4188e9 24
1 symtablehash.c:211 0x2f418919 7
1 symtablehash.c:206 0x2f418989 24
1 symtablehash.c:211 0x2f4189b9 7
1 symtablehash.c:206 0x2f4189d9 24
1 symtablehash.c:211 0x2f418a09 5
4 symtablehash.c:163 0x2f4189b9 7
4 symtablehash.c:164 0x2f418989 24
4 symtablehash.c:163 0x2f418969 6
4 symtablehash.c:164 0x2f418939 24
4 symtablehash.c:163 0x2f418919 7
4 symtablehash.c:164 0x2f4188e9 24
4 symtablehash.c:163 0x2f418a09 5
4 symtablehash.c:164 0x2f4189d9 24
4 symtablehash.c:167 0x2f4178e9 4072
4 symtablehash.c:168 0x2f4156b9 32
1 symtablehash.c:125 0x2f4156b9 32
2 symtablehash.c:130 0x2f4178e9 4072
4 symtablehash.c:167 0x2f4178e9 4072
4 symtablehash.c:168 0x2f4156b9 32
1 symtablehash.c:125 0x2f4156b9 32
2 symtablehash.c:130 0x2f4178e9 4072
1 symtablehash.c:206 0x2f4189d9 24
1 symtablehash.c:211 0x2f418a09 1
4 symtablehash.c:328 0x2f418a09 1
4 symtablehash.c:329 0x2f4189d9 24
4 symtablehash.c:167 0x2f4178e9 4072
4 symtablehash.c:168 0x2f4156b9 32
1 symtablehash.c:125 0x2f4156b9 32
2 symtablehash.c:130 0x2f4178e9 4072
1 symtablehash.c:206 0x2f4189d9 24
1 symtablehash.c:211 0x2f418a09 6
4 symtablehash.c:328 0x2f418a09 6
4 symtablehash.c:329 0x2f4189d9 24
1 symtablehash.c:206 0x2f4189d9 24
1 symtablehash.c:211 0x2f418a09 7
4 symtablehash.c:328 0x2f418a09 7
4 symtablehash.c:329 0x2f4189d9 24
4 symtablehash.c:167 0x2f4178e9 4072
4 symtablehash.c:168 0x2f4156b9 32
1 symtablehash.c:125 0x2f4156b9 32
2 symtablehash.c:130 0x2f4178e9 4072
1 symtablehash.c:206 0x2f4189d9 24
1 symtablehash.c:211 0x2f418a79 1000
1 symtablehash.c:206 0x2f4188e9 24
1 symtablehash.c:211 0x2f418e79 1000
4 symtablehash.c:328 0x2f418e79 1000
4 symtablehash.c:329 0x2f4188e9 24
4 symtablehash.c:328 0x2f418a79 1000
4 symtablehash.c:329 0x2f4189d9 24
4 symtablehash.c:167 0x2f4178e9 4072
4 symtablehash.c:168 0x2f4156b9 32
1 symtablehash.c:125 0x2f4156b9 32
2 symtablehash.c:130 0x2f4178e9 4072
1 symtablehash.c:206 0x2f4189d9 24
1 symtablehash.c:211 0x2f418a09 6
1 symtablehash.c:125 0x2f419279 32
2 symtablehash.c:130 0x2f4192b9 4072
1 symtablehash.c:206 0x2f4188e9 24
1 symtablehash.c:211 0x2f418919 7
1 symtablehash.c:125 0x2f41a2b9 32
2 symtablehash.c:130 0x2f41a2f9 4072
1 symtablehash.c:206 0x2f418939 24
1 symtablehash.c:211 0x2f418969 12
1 symtablehash.c:206 0x2f418989 24
1 symtablehash.c:211 0x2f4189b9 13
4 symtablehash.c:163 0x2f418919 7
4 symtablehash.c:164 0x2f4188e9 24
4 symtablehash.c:167 0x2f4192b9 4072
4 symtablehash.c:168 0x2f419279 32
4 symtablehash.c:163 0x2f418a09 6
4 symtablehash.c:164 0x2f4189d9 24
4 symtablehash.c:167 0x2f4178e9 4072
4 symtablehash.c:168 0x2f4156b9 32
4 symtablehash.c:163 0x2f418969 12
4 symtablehash.c:164 0x2f418939 24
4 symtablehash.c:163 0x2f4189b9 13
4 symtablehash.c:164 0x2f418989 24
4 symtablehash.c:167 0x2f41a2f9 4072
4 symtablehash.c:168 0x2f41a2b9 32
1 symtablehash.c:125 0x2f41a2b9 32
2 symtablehash.c:130 0x2f4192b9 4072
1 symtablehash.c:206 0x2f418989 24
1 symtablehash.c:211 0x2f4189b9 4
1 symtablehash.c:206 0x2f418939 24
1 symtablehash.c:211 0x2f418969 4
1 symtablehash.c:206 0x2f4189d9 24
1 symtablehash.c:211 0x2f418a09 4
1 symtablehash.c:206 0x2f4188e9 24
1 symtablehash.c:211 0x2f418919 5
1 symtablehash.c:206 0x2f418a29 24
1 symtablehash.c:211 0x2f418a59 5
4 symtablehash.c:328 0x2f418a09 4
4 symtablehash.c:329 0x2f4189d9 24
4 symtablehash.c:328 0x2f418a59 5
4 symtablehash.c:329 0x2f418a29 24
4 symtablehash.c:328 0x2f4189b9 4
4 symtablehash.c:329 0x2f418989 24
4 symtablehash.c:163 0x2f418919 5
4 symtablehash.c:164 0x2f4188e9 24
4 symtablehash.c:163 0x2f418969 4
4 symtablehash.c:164 0x2f418939 24
4 symtablehash.c:167 0x2f4192b9 4072
4 symtablehash.c:168 0x2f41a2b9 32
1 symtablehash.c:125 0x2f41a2b9 32
2 symtablehash.c:130 0x2f4178e9 4072
1 symtablehash.c:206 0x2f418939 24
1 symtablehash.c:211 0x2f418969 4
1 symtablehash.c:206 0x2f4188e9 24
1 symtablehash.c:211 0x2f418919 4
1 symtablehash.c:125 0x2f4156b9 32
2 symtablehash.c:130 0x2f4192b9 4072
1 testsymtable.c:824 0x2f4189b9 2
1 symtablehash.c:206 0x2f418989 24
1 symtablehash.c:211 0x2f418a59 2
1 testsymtable.c:824 0x2f418a09 2
1 symtablehash.c:206 0x2f418a29 24
1 symtablehash.c:211 0x2f41a2f9 2
1 testsymtable.c:824 0x2f41a319 2
1 symtablehash.c:206 0x2f4189d9 24
1 symtablehash.c:211 0x2f41a339 2
1 testsymtable.c:824 0x2f41a359 2
1 symtablehash.c:206 0x2f41a379 24
1 symtablehash.c:211 0x2f41a3a9 2
1 testsymtable.c:824 0x2f41a3c9 2
1 symtablehash.c:206 0x2f41a3e9 24
1 symtablehash.c:211 0x2f41a419 2
1 testsymtable.c:824 0x2f41a439 2
1 symtablehash.c:206 0x2f41a459 24
1 symtablehash.c:211 0x2f41a489 2
1 testsymtable.c:824 0x2f41a4a9 2
1 symtablehash.c:206 0x2f41a4c9 24
1 symtablehash.c:211 0x2f41a4f9 2
1 testsymtable.c:824 0x2f41a519 2
1 symtablehash.c:206 0x2f41a539 24
1 symtablehash.c:211 0x2f41a569 2
1 testsymtable.c:824 0x2f41a589 2
1 symtablehash.c:206 0x2f41a5a9 24
1 symtablehash.c:211 0x2f41a5d9 2
1 testsymtable.c:824 0x2f41a5f9 2
1 symtablehash.c:206 0x2f41a619 24
1 symtablehash.c:211 0x2f41a649 2
4 symtablehash.c:328 0x2f418a59 2
4 symtablehash.c:329 0x2f418989 24
4 testsymtable.c:871 0x2f4189b9 2
4 symtablehash.c:328 0x2f41a649 2
4 symtablehash.c:329 0x2f41a619 24
4 testsymtable.c:881 0x2f41a5f9 2
4 symtablehash.c:328 0x2f41a2f9 2
4 symtablehash.c:329 0x2f418a29 24
4 testsymtable.c:871 0x2f418a09 2
4 symtablehash.c:328 0x2f41a5d9 2
4 symtablehash.c:329 0x2f41a5a9 24
4 testsymtable.c:881 0x2f41a589 2
4 symtablehash.c:328 0x2f41a339 2
4 symtablehash.c:329 0x2f4189d9 24
4 testsymtable.c:871 0x2f41a319 2
4 symtablehash.c:328 0x2f41a569 2
4 symtablehash.c:329 0x2f41a539 24
4 testsymtable.c:881 0x2f41a519 2
4 symtablehash.c:328 0x2f41a3a9 2
4 symtablehash.c:329 0x2f41a379 24
4 testsymtable.c:871 0x2f41a359 2
4 symtablehash.c:328 0x2f41a4f9 2
4 symtablehash.c:329 0x2f41a4c9 24
4 testsymtable.c:881 0x2f41a4a9 2
4 symtablehash.c:328 0x2f41a419 2
4 symtablehash.c:329 0x2f41a3e9 24
4 testsymtable.c:871 0x2f41a3c9 2
4 symtablehash.c:328 0x2f41a489 2
4 symtablehash.c:329 0x2f41a459 24
4 testsymtable.c:881 0x2f41a439 2
4 symtablehash.c:167 0x2f4192b9 4072
4 symtablehash.c:168 0x2f4156b9 32
4 symtablehash.c:163 0x2f418919 4
4 symtablehash.c:164 0x2f4188e9 24
4 symtablehash.c:163 0x2f418969 4
4 symtablehash.c:164 0x2f418939 24
4 symtablehash.c:167 0x2f4178e9 4072
4 symtablehash.c:168 0x2f41a2b9 32
